	Array Work-Out Program
First Array: 
24, 43, 63, -72, 73, 72, 77, 23, 36, 94, 
28, 93, 9, 92, -8, 83, -36, 73, 5, 38, 
56, 17, 93, 80, 99, 26, 19, 62, 72, 8, 
4, 48, 21, 54, 84, 32, 97, 74, 94, 82, 
57, 4, 38, 27, 83, 83, 22, 27, 64, 7, 
44, 26, 45, 66, 83, 62, 52, -7, -36, 62, 
78, -67, 34, 73, 93, 8, -3, -2, 2, 27, 
1, 11, 12, -73, 83, 77, 37, 72, 82, 23, 
Sum = 3309.00 COUNT = 80 AVERAGE = 41.36

Values LARGER than AVERAGE: 41
Values SMALLER than AVERAGE: 39

Second Array: Negative to Positive
24, 43, 63, 72, 73, 72, 77, 23, 36, 94, 
28, 93, 9, 92, 8, 83, 36, 73, 5, 38, 
56, 17, 93, 80, 99, 26, 19, 62, 72, 8, 
4, 48, 21, 54, 84, 32, 97, 74, 94, 82, 
57, 4, 38, 27, 83, 83, 22, 27, 64, 7, 
44, 26, 45, 66, 83, 62, 52, 7, 36, 62, 
78, 67, 34, 73, 93, 8, 3, 2, 2, 27, 
1, 11, 12, 73, 83, 77, 37, 72, 82, 23, 
Sum = 3917.00 COUNT = 80 AVERAGE = 48.96

Largest Number of the Array is: 99 Position: 24
Smallest Number of the Array is: 1 Position: 70

Third Array: Zero-out Even Values
0, 43, 63, 0, 73, 0, 77, 23, 0, 0, 
0, 93, 9, 0, 0, 83, 0, 73, 5, 0, 
0, 17, 93, 0, 99, 0, 19, 0, 0, 0, 
0, 0, 21, 0, 0, 0, 97, 0, 0, 0, 
57, 0, 0, 27, 83, 83, 0, 27, 0, 7, 
0, 0, 45, 0, 83, 0, 0, 7, 0, 0, 
0, 67, 0, 73, 93, 0, 3, 0, 0, 27, 
1, 11, 0, 73, 83, 77, 37, 0, 0, 23, 
Sum = 1875.00 COUNT = 80 AVERAGE = 23.44

Parameters File Listing: 
28, 50, 80, 7, 11, 
Values Less than First Input: 58
Values Greater than Second Input: 19
Values Greater than Third Input: 10
Multiples of Fourth Input: 49
Multiples of Fifth Input: 47

New Array: 
0, 43, 63, 0, 73, 0, 77, 23, 0, 0, 
0, 93, 9, 0, 0, 83, 0, 73, 5, 0, 
0, 17, 93, 0, 99, 0, 19, 0, 0, 0, 
0, 0, 21, 0, 0, 0, 97, 0, 0, 0, 
57, 0, 0, 27, 83, 83, 0, 27, 0, 7, 
0, 0, 45, 0, 83, 0, 0, 7, 0, 0, 
0, 67, 0, 73, 93, 0, 3, 0, 0, 27, 
1, 11, 0, 73, 83, 77, 37, 0, 0, 23, 

Reversed Order: 
23, 0, 0, 37, 77, 83, 73, 0, 11, 1, 
27, 0, 0, 3, 0, 93, 73, 0, 67, 0, 
0, 0, 7, 0, 0, 83, 0, 45, 0, 0, 
7, 0, 27, 0, 83, 83, 27, 0, 0, 57, 
0, 0, 0, 97, 0, 0, 0, 21, 0, 0, 
0, 0, 0, 19, 0, 99, 0, 93, 17, 0, 
0, 5, 73, 0, 83, 0, 0, 9, 93, 0, 
0, 0, 23, 77, 0, 73, 0, 63, 43, 0, 
